<?xml version="1.0" encoding="UTF-8"?>
<!-- Generated by org.testng.reporters.JUnitReportReporter -->
<testsuite hostname="DESKTOP-DVJLA93" failures="0" tests="8" name="org.ictkerala.test_learnertracker.TestClass2_Learnerr" time="27.390" errors="0" timestamp="2024-04-06T14:32:34 IST" skipped="0">
  <testcase classname="org.ictkerala.test_learnertracker.TestClass2_Learnerr" name="TC1" time="2.564"/>
  <testcase classname="org.ictkerala.test_learnertracker.TestClass2_Learnerr" name="TC2" time="3.174"/>
  <testcase classname="org.ictkerala.test_learnertracker.TestClass2_Learnerr" name="TC3" time="0.099"/>
  <testcase classname="org.ictkerala.test_learnertracker.TestClass2_Learnerr" name="TC4" time="7.913"/>
  <testcase classname="org.ictkerala.test_learnertracker.TestClass2_Learnerr" name="TC5" time="0.078"/>
  <testcase classname="org.ictkerala.test_learnertracker.TestClass2_Learnerr" name="TC6" time="11.438"/>
  <testcase classname="org.ictkerala.test_learnertracker.TestClass2_Learnerr" name="TC7" time="0.268"/>
  <testcase classname="org.ictkerala.test_learnertracker.TestClass2_Learnerr" name="TC8" time="1.856"/>
</testsuite> <!-- org.ictkerala.test_learnertracker.TestClass2_Learnerr -->
