<?xml version="1.0" encoding="UTF-8"?>
<!-- Generated by org.testng.reporters.JUnitReportReporter -->
<testsuite hostname="DESKTOP-DVJLA93" failures="0" tests="32" name="org.ictkerala.test_learnertracker.TestClass_Learner" time="41.473" errors="0" timestamp="2024-04-06T14:32:34 IST" skipped="0">
  <testcase classname="org.ictkerala.test_learnertracker.TestClass_Learner" name="opensite" time="0.056"/>
  <testcase classname="org.ictkerala.test_learnertracker.TestClass_Learner" name="TC2" time="5.709"/>
  <testcase classname="org.ictkerala.test_learnertracker.TestClass_Learner" name="TC3" time="0.846"/>
  <testcase classname="org.ictkerala.test_learnertracker.TestClass_Learner" name="TC4" time="0.696"/>
  <testcase classname="org.ictkerala.test_learnertracker.TestClass_Learner" name="TC5" time="1.620"/>
  <testcase classname="org.ictkerala.test_learnertracker.TestClass_Learner" name="TC6" time="0.666"/>
  <testcase classname="org.ictkerala.test_learnertracker.TestClass_Learner" name="TC7" time="0.332"/>
  <testcase classname="org.ictkerala.test_learnertracker.TestClass_Learner" name="TC8" time="0.419"/>
  <testcase classname="org.ictkerala.test_learnertracker.TestClass_Learner" name="TC9" time="0.191"/>
  <testcase classname="org.ictkerala.test_learnertracker.TestClass_Learner" name="TC10" time="0.320"/>
  <testcase classname="org.ictkerala.test_learnertracker.TestClass_Learner" name="TC11" time="0.567"/>
  <testcase classname="org.ictkerala.test_learnertracker.TestClass_Learner" name="TC12" time="0.171"/>
  <testcase classname="org.ictkerala.test_learnertracker.TestClass_Learner" name="TC13" time="0.133"/>
  <testcase classname="org.ictkerala.test_learnertracker.TestClass_Learner" name="TC14" time="0.518"/>
  <testcase classname="org.ictkerala.test_learnertracker.TestClass_Learner" name="TC15" time="0.135"/>
  <testcase classname="org.ictkerala.test_learnertracker.TestClass_Learner" name="TC16" time="0.241"/>
  <testcase classname="org.ictkerala.test_learnertracker.TestClass_Learner" name="TC17" time="0.165"/>
  <testcase classname="org.ictkerala.test_learnertracker.TestClass_Learner" name="TC18" time="0.318"/>
  <testcase classname="org.ictkerala.test_learnertracker.TestClass_Learner" name="TC19" time="0.154"/>
  <testcase classname="org.ictkerala.test_learnertracker.TestClass_Learner" name="TC20" time="0.254"/>
  <testcase classname="org.ictkerala.test_learnertracker.TestClass_Learner" name="TC21" time="1.732"/>
  <testcase classname="org.ictkerala.test_learnertracker.TestClass_Learner" name="TC22" time="0.154"/>
  <testcase classname="org.ictkerala.test_learnertracker.TestClass_Learner" name="TC23" time="1.672"/>
  <testcase classname="org.ictkerala.test_learnertracker.TestClass_Learner" name="TC24" time="0.269"/>
  <testcase classname="org.ictkerala.test_learnertracker.TestClass_Learner" name="TC25" time="1.550"/>
  <testcase classname="org.ictkerala.test_learnertracker.TestClass_Learner" name="TC26" time="5.678"/>
  <testcase classname="org.ictkerala.test_learnertracker.TestClass_Learner" name="TC27" time="0.139"/>
  <testcase classname="org.ictkerala.test_learnertracker.TestClass_Learner" name="TC28" time="7.277"/>
  <testcase classname="org.ictkerala.test_learnertracker.TestClass_Learner" name="TC29" time="1.534"/>
  <testcase classname="org.ictkerala.test_learnertracker.TestClass_Learner" name="TC30" time="7.544"/>
  <testcase classname="org.ictkerala.test_learnertracker.TestClass_Learner" name="TC31" time="0.215"/>
  <testcase classname="org.ictkerala.test_learnertracker.TestClass_Learner" name="TC32" time="0.198"/>
</testsuite> <!-- org.ictkerala.test_learnertracker.TestClass_Learner -->
